<?xml version="1.0" encoding="UTF-8"?>
<testng-results ignored="0" total="1" passed="1" failed="0" skipped="0">
  <reporter-output>
  </reporter-output>
  <suite started-at="2025-09-24T15:18:18 IST" name="Default suite" finished-at="2025-09-24T15:18:21 IST" duration-ms="3028">
    <groups>
    </groups>
    <test started-at="2025-09-24T15:18:18 IST" name="Default test" finished-at="2025-09-24T15:18:21 IST" duration-ms="3028">
      <class name="web_automation.Test.LoginTest">
        <test-method is-config="true" signature="setUp()[pri:0, instance:web_automation.Test.LoginTest@6a6cb05c]" started-at="2025-09-24T15:18:18 IST" name="setUp" finished-at="2025-09-24T15:18:20 IST" duration-ms="1900" status="PASS">
          <reporter-output>
          </reporter-output>
        </test-method> <!-- setUp -->
        <test-method signature="sampleTest()[pri:0, instance:web_automation.Test.LoginTest@6a6cb05c]" started-at="2025-09-24T15:18:20 IST" name="sampleTest" finished-at="2025-09-24T15:18:21 IST" duration-ms="874" status="PASS">
          <reporter-output>
          </reporter-output>
        </test-method> <!-- sampleTest -->
        <test-method is-config="true" signature="tearDown()[pri:0, instance:web_automation.Test.LoginTest@6a6cb05c]" started-at="2025-09-24T15:18:21 IST" name="tearDown" finished-at="2025-09-24T15:18:21 IST" duration-ms="210" status="PASS">
          <reporter-output>
          </reporter-output>
        </test-method> <!-- tearDown -->
      </class> <!-- web_automation.Test.LoginTest -->
    </test> <!-- Default test -->
  </suite> <!-- Default suite -->
</testng-results>
